# JRE version: Java(TM) SE Runtime Environment (8.0_66-b17) (build 1.8.0_66-b17)
# Java VM: Java HotSpot(TM) 64-Bit Server VM (25.66-b17 mixed mode linux-amd64 compressed oops)
Heap:
 PSYoungGen      total 199680K, used 4151K [0x00000000eab00000, 0x00000000fdd80000, 0x0000000100000000)
  eden space 99840K, 1% used [0x00000000eab00000,0x00000000eac4df98,0x00000000f0c80000)
  from space 99840K, 2% used [0x00000000f7c00000,0x00000000f7ec0000,0x00000000fdd80000)
  to   space 107008K, 0% used [0x00000000f0c80000,0x00000000f0c80000,0x00000000f7500000)
 ParOldGen       total 468992K, used 338283K [0x00000000c0000000, 0x00000000dca00000, 0x00000000eab00000)
  object space 468992K, 72% used [0x00000000c0000000,0x00000000d4a5acf8,0x00000000dca00000)
 Metaspace       used 88771K, capacity 94577K, committed 94872K, reserved 1132544K
  class space    used 10328K, capacity 12105K, committed 12200K, reserved 1048576K
GC Heap History (10 events):
Event: 135036.345 GC heap before
{Heap before GC invocations=51 (full 3):
 PSYoungGen      total 105472K, used 105264K [0x00000000eab00000, 0x00000000ff200000, 0x0000000100000000)
  eden space 102400K, 100% used [0x00000000eab00000,0x00000000f0f00000,0x00000000f0f00000)
  from space 3072K, 93% used [0x00000000f0f80000,0x00000000f124c010,0x00000000f1280000)
  to   space 116224K, 0% used [0x00000000f8080000,0x00000000f8080000,0x00000000ff200000)
 ParOldGen       total 468992K, used 337819K [0x00000000c0000000, 0x00000000dca00000, 0x00000000eab00000)
  object space 468992K, 72% used [0x00000000c0000000,0x00000000d49e6cf8,0x00000000dca00000)
 Metaspace       used 88768K, capacity 94577K, committed 94872K, reserved 1132544K
  class space    used 10328K, capacity 12105K, committed 12200K, reserved 1048576K
Event: 135036.364 GC heap after
Heap after GC invocations=51 (full 3):
 PSYoungGen      total 217600K, used 2400K [0x00000000eab00000, 0x00000000ff180000, 0x0000000100000000)
  eden space 101888K, 0% used [0x00000000eab00000,0x00000000eab00000,0x00000000f0e80000)
  from space 115712K, 2% used [0x00000000f8080000,0x00000000f82d8000,0x00000000ff180000)
  to   space 116224K, 0% used [0x00000000f0e80000,0x00000000f0e80000,0x00000000f8000000)
 ParOldGen       total 468992K, used 338019K [0x00000000c0000000, 0x00000000dca00000, 0x00000000eab00000)
  object space 468992K, 72% used [0x00000000c0000000,0x00000000d4a18cf8,0x00000000dca00000)
 Metaspace       used 88768K, capacity 94577K, committed 94872K, reserved 1132544K
  class space    used 10328K, capacity 12105K, committed 12200K, reserved 1048576K
}
Event: 142837.892 GC heap before
{Heap before GC invocations=52 (full 3):
 PSYoungGen      total 217600K, used 104288K [0x00000000eab00000, 0x00000000ff180000, 0x0000000100000000)
  eden space 101888K, 100% used [0x00000000eab00000,0x00000000f0e80000,0x00000000f0e80000)
  from space 115712K, 2% used [0x00000000f8080000,0x00000000f82d8000,0x00000000ff180000)
  to   space 116224K, 0% used [0x00000000f0e80000,0x00000000f0e80000,0x00000000f8000000)
 ParOldGen       total 468992K, used 338019K [0x00000000c0000000, 0x00000000dca00000, 0x00000000eab00000)
  object space 468992K, 72% used [0x00000000c0000000,0x00000000d4a18cf8,0x00000000dca00000)
 Metaspace       used 88771K, capacity 94577K, committed 94872K, reserved 1132544K
  class space    used 10328K, capacity 12105K, committed 12200K, reserved 1048576K
Event: 142837.907 GC heap after
Heap after GC invocations=52 (full 3):
 PSYoungGen      total 104448K, used 2800K [0x00000000eab00000, 0x00000000ff100000, 0x0000000100000000)
  eden space 101376K, 0% used [0x00000000eab00000,0x00000000eab00000,0x00000000f0e00000)
  from space 3072K, 91% used [0x00000000f0e80000,0x00000000f113c010,0x00000000f1180000)
  to   space 116224K, 0% used [0x00000000f7f80000,0x00000000f7f80000,0x00000000ff100000)
 ParOldGen       total 468992K, used 338059K [0x00000000c0000000, 0x00000000dca00000, 0x00000000eab00000)
  object space 468992K, 72% used [0x00000000c0000000,0x00000000d4a22cf8,0x00000000dca00000)
 Metaspace       used 88771K, capacity 94577K, committed 94872K, reserved 1132544K
  class space    used 10328K, capacity 12105K, committed 12200K, reserved 1048576K
}
Event: 150939.300 GC heap before
{Heap before GC invocations=53 (full 3):
 PSYoungGen      total 104448K, used 104176K [0x00000000eab00000, 0x00000000ff100000, 0x0000000100000000)
  eden space 101376K, 100% used [0x00000000eab00000,0x00000000f0e00000,0x00000000f0e00000)
  from space 3072K, 91% used [0x00000000f0e80000,0x00000000f113c010,0x00000000f1180000)
  to   space 116224K, 0% used [0x00000000f7f80000,0x00000000f7f80000,0x00000000ff100000)
 ParOldGen       total 468992K, used 338059K [0x00000000c0000000, 0x00000000dca00000, 0x00000000eab00000)
  object space 468992K, 72% used [0x00000000c0000000,0x00000000d4a22cf8,0x00000000dca00000)
 Metaspace       used 88771K, capacity 94577K, committed 94872K, reserved 1132544K
  class space    used 10328K, capacity 12105K, committed 12200K, reserved 1048576K
Event: 150939.324 GC heap after
Heap after GC invocations=53 (full 3):
 PSYoungGen      total 216576K, used 2208K [0x00000000eab00000, 0x00000000ff080000, 0x0000000100000000)
  eden space 100864K, 0% used [0x00000000eab00000,0x00000000eab00000,0x00000000f0d80000)
  from space 115712K, 1% used [0x00000000f7f80000,0x00000000f81a8000,0x00000000ff080000)
  to   space 116224K, 0% used [0x00000000f0d80000,0x00000000f0d80000,0x00000000f7f00000)
 ParOldGen       total 468992K, used 338259K [0x00000000c0000000, 0x00000000dca00000, 0x00000000eab00000)
  object space 468992K, 72% used [0x00000000c0000000,0x00000000d4a54cf8,0x00000000dca00000)
 Metaspace       used 88771K, capacity 94577K, committed 94872K, reserved 1132544K
  class space    used 10328K, capacity 12105K, committed 12200K, reserved 1048576K
}
Event: 158740.928 GC heap before
{Heap before GC invocations=54 (full 3):
 PSYoungGen      total 216576K, used 103072K [0x00000000eab00000, 0x00000000ff080000, 0x0000000100000000)
  eden space 100864K, 100% used [0x00000000eab00000,0x00000000f0d80000,0x00000000f0d80000)
  from space 115712K, 1% used [0x00000000f7f80000,0x00000000f81a8000,0x00000000ff080000)
  to   space 116224K, 0% used [0x00000000f0d80000,0x00000000f0d80000,0x00000000f7f00000)
 ParOldGen       total 468992K, used 338259K [0x00000000c0000000, 0x00000000dca00000, 0x00000000eab00000)
  object space 468992K, 72% used [0x00000000c0000000,0x00000000d4a54cf8,0x00000000dca00000)
 Metaspace       used 88771K, capacity 94577K, committed 94872K, reserved 1132544K
  class space    used 10328K, capacity 12105K, committed 12200K, reserved 1048576K
Event: 158740.947 GC heap after
Heap after GC invocations=54 (full 3):
 PSYoungGen      total 102912K, used 2080K [0x00000000eab00000, 0x00000000feb00000, 0x0000000100000000)
  eden space 100352K, 0% used [0x00000000eab00000,0x00000000eab00000,0x00000000f0d00000)
  from space 2560K, 81% used [0x00000000f0d80000,0x00000000f0f88000,0x00000000f1000000)
  to   space 113664K, 0% used [0x00000000f7c00000,0x00000000f7c00000,0x00000000feb00000)
 ParOldGen       total 468992K, used 338283K [0x00000000c0000000, 0x00000000dca00000, 0x00000000eab00000)
  object space 468992K, 72% used [0x00000000c0000000,0x00000000d4a5acf8,0x00000000dca00000)
 Metaspace       used 88771K, capacity 94577K, committed 94872K, reserved 1132544K
  class space    used 10328K, capacity 12105K, committed 12200K, reserved 1048576K
}
Event: 166242.409 GC heap before
{Heap before GC invocations=55 (full 3):
 PSYoungGen      total 102912K, used 102432K [0x00000000eab00000, 0x00000000feb00000, 0x0000000100000000)
  eden space 100352K, 100% used [0x00000000eab00000,0x00000000f0d00000,0x00000000f0d00000)
  from space 2560K, 81% used [0x00000000f0d80000,0x00000000f0f88000,0x00000000f1000000)
  to   space 113664K, 0% used [0x00000000f7c00000,0x00000000f7c00000,0x00000000feb00000)
 ParOldGen       total 468992K, used 338283K [0x00000000c0000000, 0x00000000dca00000, 0x00000000eab00000)
  object space 468992K, 72% used [0x00000000c0000000,0x00000000d4a5acf8,0x00000000dca00000)
 Metaspace       used 88771K, capacity 94577K, committed 94872K, reserved 1132544K
  class space    used 10328K, capacity 12105K, committed 12200K, reserved 1048576K
Event: 166242.428 GC heap after
Heap after GC invocations=55 (full 3):
 PSYoungGen      total 199680K, used 2816K [0x00000000eab00000, 0x00000000fdd80000, 0x0000000100000000)
  eden space 99840K, 0% used [0x00000000eab00000,0x00000000eab00000,0x00000000f0c80000)
  from space 99840K, 2% used [0x00000000f7c00000,0x00000000f7ec0000,0x00000000fdd80000)
  to   space 107008K, 0% used [0x00000000f0c80000,0x00000000f0c80000,0x00000000f7500000)
 ParOldGen       total 468992K, used 338283K [0x00000000c0000000, 0x00000000dca00000, 0x00000000eab00000)
  object space 468992K, 72% used [0x00000000c0000000,0x00000000d4a5acf8,0x00000000dca00000)
 Metaspace       used 88771K, capacity 94577K, committed 94872K, reserved 1132544K
  class space    used 10328K, capacity 12105K, committed 12200K, reserved 1048576K
}

